<?xml version="1.0" encoding="UTF-8"?>
<testsuite xmlns:xsi="http://www.w3.org/2001/XMLSchema-instance" xsi:noNamespaceSchemaLocation="https://maven.apache.org/surefire/maven-surefire-plugin/xsd/surefire-test-report-3.0.xsd" version="3.0" name="com.chutty.ChuttyApplicationTests" time="12.591" tests="1" errors="0" skipped="0" failures="0">
  <properties>
[...]
</properties>
  <testcase name="contextLoads" classname="com.chutty.ChuttyApplicationTests" time="1.026">
    <system-out><![CDATA[16:10:58.300 [main] INFO org.springframework.test.context.support.AnnotationConfigContextLoaderUtils -- Could not detect default configuration classes for test class [com.chutty.ChuttyApplicationTests]: ChuttyApplicationTests does not declare any static, non-private, non-final, nested classes annotated with @Configuration.
16:10:58.482 [main] INFO org.springframework.boot.test.context.SpringBootTestContextBootstrapper -- Found @SpringBootConfiguration com.chutty.ChuttyApplication for test class com.chutty.ChuttyApplicationTests
16:10:58.808 [main] INFO org.springframework.boot.devtools.restart.RestartApplicationListener -- Restart disabled due to context in which it is running

  .   ____          _            __ _ _
 /\\ / ___'_ __ _ _(_)_ __  __ _ \ \ \ \
( ( )\___ | '_ | '_| | '_ \/ _` | \ \ \ \
 \\/  ___)| |_)| | | | | || (_| |  ) ) ) )
  '  |____| .__|_| |_|_| |_\__, | / / / /
 =========|_|==============|___/=/_/_/_/
 :: Spring Boot ::                (v3.2.3)

2024-02-27T16:10:59.212+05:30  INFO 29564 --- [           main] com.chutty.ChuttyApplicationTests        : Starting ChuttyApplicationTests using Java 17.0.9 with PID 29564 (started by shaik in C:\Users\shaik\spring\chutty)
2024-02-27T16:10:59.215+05:30  INFO 29564 --- [           main] com.chutty.ChuttyApplicationTests        : No active profile set, falling back to 1 default profile: "default"
2024-02-27T16:11:01.580+05:30  INFO 29564 --- [           main] .s.d.r.c.RepositoryConfigurationDelegate : Bootstrapping Spring Data JPA repositories in DEFAULT mode.
2024-02-27T16:11:01.730+05:30  INFO 29564 --- [           main] .s.d.r.c.RepositoryConfigurationDelegate : Finished Spring Data repository scanning in 127 ms. Found 1 JPA repository interface.
2024-02-27T16:11:02.980+05:30  INFO 29564 --- [           main] o.hibernate.jpa.internal.util.LogHelper  : HHH000204: Processing PersistenceUnitInfo [name: default]
2024-02-27T16:11:03.116+05:30  INFO 29564 --- [           main] org.hibernate.Version                    : HHH000412: Hibernate ORM core version 6.4.4.Final
2024-02-27T16:11:03.211+05:30  INFO 29564 --- [           main] o.h.c.internal.RegionFactoryInitiator    : HHH000026: Second-level cache disabled
2024-02-27T16:11:03.891+05:30  INFO 29564 --- [           main] o.s.o.j.p.SpringPersistenceUnitInfo      : No LoadTimeWeaver setup: ignoring JPA class transformer
2024-02-27T16:11:03.996+05:30  INFO 29564 --- [           main] com.zaxxer.hikari.HikariDataSource       : HikariPool-1 - Starting...
2024-02-27T16:11:04.516+05:30  INFO 29564 --- [           main] com.zaxxer.hikari.pool.HikariPool        : HikariPool-1 - Added connection org.postgresql.jdbc.PgConnection@486bcaa
2024-02-27T16:11:04.521+05:30  INFO 29564 --- [           main] com.zaxxer.hikari.HikariDataSource       : HikariPool-1 - Start completed.
2024-02-27T16:11:04.590+05:30  WARN 29564 --- [           main] org.hibernate.orm.deprecation            : HHH90000025: PostgreSQLDialect does not need to be specified explicitly using 'hibernate.dialect' (remove the property setting and it will be selected by default)
2024-02-27T16:11:06.473+05:30  INFO 29564 --- [           main] o.h.e.t.j.p.i.JtaPlatformInitiator       : HHH000489: No JTA platform available (set 'hibernate.transaction.jta.platform' to enable JTA platform integration)
2024-02-27T16:11:06.572+05:30  INFO 29564 --- [           main] j.LocalContainerEntityManagerFactoryBean : Initialized JPA EntityManagerFactory for persistence unit 'default'
2024-02-27T16:11:08.624+05:30  WARN 29564 --- [           main] JpaBaseConfiguration$JpaWebConfiguration : spring.jpa.open-in-view is enabled by default. Therefore, database queries may be performed during view rendering. Explicitly configure spring.jpa.open-in-view to disable this warning
2024-02-27T16:11:09.584+05:30  INFO 29564 --- [           main] com.chutty.ChuttyApplicationTests        : Started ChuttyApplicationTests in 10.799 seconds (process running for 12.457)
]]></system-out>
  </testcase>
</testsuite>